<?xml version="1.0" encoding="UTF-8"?>
<!-- Generated by org.testng.reporters.JUnitReportReporter -->
<testsuite hostname="CodeCandy" failures="0" tests="1" name="Runner.LoginFeatureRunner" time="4.024" errors="0" timestamp="2024-01-14T08:31:18 CST" skipped="0">
  <testcase classname="Runner.LoginFeatureRunner" name="runScenario" time="4.024"/>
</testsuite> <!-- Runner.LoginFeatureRunner -->
